[WARNING 2020-01-09 20:45:38.861]: "file extension not allowed"
[WARNING 2020-01-09 20:45:38.864]: "route is notallowed C:\\git\\api_boy\\src\\api\\ping.js BEFORE"
[WARNING 2020-01-09 20:45:38.864]: "route is notallowed C:\\git\\api_boy\\src\\api\\ping.js AFTER"
[WARNING 2020-01-09 20:45:47.553]: "file extension not allowed"
[WARNING 2020-01-09 20:45:47.554]: "route is notallowed C:\\git\\api_boy\\src\\api\\model\\register.js BEFORE"
[WARNING 2020-01-09 20:45:47.554]: "route is notallowed C:\\git\\api_boy\\src\\api\\model\\register.js AFTER"
[ERROR 2020-01-09 20:48:03.110]: {}
[ERROR 2020-01-09 20:48:03.111]: {}
[ERROR 2020-01-09 20:48:03.111]: {}
[ERROR 2020-01-09 20:48:16.624]: {}
[ERROR 2020-01-09 20:48:16.625]: {}
[ERROR 2020-01-09 20:48:16.625]: {}
[WARNING 2020-01-09 20:51:51.954]: "file extension not allowed"
[WARNING 2020-01-09 20:51:51.973]: "route is notallowed C:\\git\\api_boy\\src\\api\\model\\register.js BEFORE"
[WARNING 2020-01-09 20:51:51.973]: "route is notallowed C:\\git\\api_boy\\src\\api\\model\\register.js AFTER"
[ERROR 2020-01-09 20:53:54.316]: {}
[ERROR 2020-01-09 20:53:54.317]: {}
[ERROR 2020-01-09 20:53:54.317]: {}
[WARNING 2020-01-09 20:54:13.385]: "file extension not allowed"
[WARNING 2020-01-09 20:54:13.388]: "route is notallowed C:\\git\\api_boy\\src\\api\\model\\register.js BEFORE"
[WARNING 2020-01-09 20:54:13.388]: "route is notallowed C:\\git\\api_boy\\src\\api\\model\\register.js AFTER"
[WARNING 2020-01-10 18:37:33.378]: "file extension not allowed"
[WARNING 2020-01-10 18:37:33.382]: "route is notallowed C:\\git\\api_boy\\src\\api\\model\\register.js BEFORE"
[WARNING 2020-01-10 18:37:33.382]: "route is notallowed C:\\git\\api_boy\\src\\api\\model\\register.js AFTER"
[ERROR 2020-01-10 18:38:00.262]: {}
[ERROR 2020-01-10 18:38:00.262]: {}
[ERROR 2020-01-10 18:38:00.262]: {}
[WARNING 2020-01-10 18:38:06.766]: "file extension not allowed"
[WARNING 2020-01-10 18:38:06.769]: "route is notallowed C:\\git\\api_boy\\src\\api\\model\\register.js BEFORE"
[WARNING 2020-01-10 18:38:06.769]: "route is notallowed C:\\git\\api_boy\\src\\api\\model\\register.js AFTER"
[WARNING 2020-01-12 20:30:48.077]: "file extension not allowed"
[WARNING 2020-01-12 20:30:48.085]: "route is notallowed C:\\git\\api_boy\\src\\runtime.js.map.js GET"
[WARNING 2020-01-12 20:30:48.085]: "route is notallowed C:\\git\\api_boy\\src\\runtime.js.map.js BEFORE"
[WARNING 2020-01-12 20:30:48.085]: "route is notallowed C:\\git\\api_boy\\src\\runtime.js.map.js AFTER"
[WARNING 2020-01-12 20:30:48.086]: "file extension not allowed"
[WARNING 2020-01-12 20:30:48.086]: "route is notallowed C:\\git\\api_boy\\src\\polyfills.js.map.js GET"
[WARNING 2020-01-12 20:30:48.086]: "route is notallowed C:\\git\\api_boy\\src\\polyfills.js.map.js BEFORE"
[WARNING 2020-01-12 20:30:48.086]: "route is notallowed C:\\git\\api_boy\\src\\polyfills.js.map.js AFTER"
[WARNING 2020-01-12 20:30:48.087]: "file extension not allowed"
[WARNING 2020-01-12 20:30:48.087]: "route is notallowed C:\\git\\api_boy\\src\\styles.js.map.js GET"
[WARNING 2020-01-12 20:30:48.087]: "route is notallowed C:\\git\\api_boy\\src\\styles.js.map.js BEFORE"
[WARNING 2020-01-12 20:30:48.087]: "route is notallowed C:\\git\\api_boy\\src\\styles.js.map.js AFTER"
[WARNING 2020-01-12 20:30:48.088]: "file extension not allowed"
[WARNING 2020-01-12 20:30:48.088]: "route is notallowed C:\\git\\api_boy\\src\\scripts.js.map.js GET"
[WARNING 2020-01-12 20:30:48.088]: "route is notallowed C:\\git\\api_boy\\src\\scripts.js.map.js BEFORE"
[WARNING 2020-01-12 20:30:48.088]: "route is notallowed C:\\git\\api_boy\\src\\scripts.js.map.js AFTER"
[WARNING 2020-01-12 20:30:48.089]: "file extension not allowed"
[WARNING 2020-01-12 20:30:48.089]: "route is notallowed C:\\git\\api_boy\\src\\vendor.js.map.js GET"
[WARNING 2020-01-12 20:30:48.089]: "route is notallowed C:\\git\\api_boy\\src\\vendor.js.map.js BEFORE"
[WARNING 2020-01-12 20:30:48.089]: "route is notallowed C:\\git\\api_boy\\src\\vendor.js.map.js AFTER"
[WARNING 2020-01-12 20:30:48.090]: "file extension not allowed"
[WARNING 2020-01-12 20:30:48.090]: "route is notallowed C:\\git\\api_boy\\src\\main.js.map.js GET"
[WARNING 2020-01-12 20:30:48.090]: "route is notallowed C:\\git\\api_boy\\src\\main.js.map.js BEFORE"
[WARNING 2020-01-12 20:30:48.090]: "route is notallowed C:\\git\\api_boy\\src\\main.js.map.js AFTER"
[WARNING 2020-01-12 20:31:31.040]: "file extension not allowed"
[WARNING 2020-01-12 20:31:31.045]: "route is notallowed C:\\git\\api_boy\\src\\runtime.js.map.js GET"
[WARNING 2020-01-12 20:31:31.045]: "route is notallowed C:\\git\\api_boy\\src\\runtime.js.map.js BEFORE"
[WARNING 2020-01-12 20:31:31.045]: "route is notallowed C:\\git\\api_boy\\src\\runtime.js.map.js AFTER"
[WARNING 2020-01-12 20:31:31.080]: "file extension not allowed"
[WARNING 2020-01-12 20:31:31.080]: "route is notallowed C:\\git\\api_boy\\src\\polyfills.js.map.js GET"
[WARNING 2020-01-12 20:31:31.080]: "route is notallowed C:\\git\\api_boy\\src\\polyfills.js.map.js BEFORE"
[WARNING 2020-01-12 20:31:31.080]: "route is notallowed C:\\git\\api_boy\\src\\polyfills.js.map.js AFTER"
[WARNING 2020-01-12 20:31:31.117]: "file extension not allowed"
[WARNING 2020-01-12 20:31:31.117]: "route is notallowed C:\\git\\api_boy\\src\\styles.js.map.js GET"
[WARNING 2020-01-12 20:31:31.117]: "route is notallowed C:\\git\\api_boy\\src\\styles.js.map.js BEFORE"
[WARNING 2020-01-12 20:31:31.117]: "route is notallowed C:\\git\\api_boy\\src\\styles.js.map.js AFTER"
[WARNING 2020-01-12 20:31:31.174]: "file extension not allowed"
[WARNING 2020-01-12 20:31:31.174]: "route is notallowed C:\\git\\api_boy\\src\\scripts.js.map.js GET"
[WARNING 2020-01-12 20:31:31.174]: "route is notallowed C:\\git\\api_boy\\src\\scripts.js.map.js BEFORE"
[WARNING 2020-01-12 20:31:31.174]: "route is notallowed C:\\git\\api_boy\\src\\scripts.js.map.js AFTER"
[WARNING 2020-01-12 20:31:31.829]: "file extension not allowed"
[WARNING 2020-01-12 20:31:31.829]: "route is notallowed C:\\git\\api_boy\\src\\vendor.js.map.js GET"
[WARNING 2020-01-12 20:31:31.829]: "route is notallowed C:\\git\\api_boy\\src\\vendor.js.map.js BEFORE"
[WARNING 2020-01-12 20:31:31.829]: "route is notallowed C:\\git\\api_boy\\src\\vendor.js.map.js AFTER"
[WARNING 2020-01-12 20:31:31.830]: "file extension not allowed"
[WARNING 2020-01-12 20:31:31.830]: "route is notallowed C:\\git\\api_boy\\src\\main.js.map.js GET"
[WARNING 2020-01-12 20:31:31.830]: "route is notallowed C:\\git\\api_boy\\src\\main.js.map.js BEFORE"
[WARNING 2020-01-12 20:31:31.830]: "route is notallowed C:\\git\\api_boy\\src\\main.js.map.js AFTER"
[WARNING 2020-01-12 20:34:27.865]: "file extension not allowed"
[WARNING 2020-01-12 20:34:27.873]: "route is notallowed C:\\git\\api_boy\\src\\runtime.js.map.js GET"
[WARNING 2020-01-12 20:34:27.873]: "route is notallowed C:\\git\\api_boy\\src\\runtime.js.map.js BEFORE"
[WARNING 2020-01-12 20:34:27.873]: "route is notallowed C:\\git\\api_boy\\src\\runtime.js.map.js AFTER"
[WARNING 2020-01-12 20:34:27.875]: "file extension not allowed"
[WARNING 2020-01-12 20:34:27.875]: "route is notallowed C:\\git\\api_boy\\src\\polyfills.js.map.js GET"
[WARNING 2020-01-12 20:34:27.876]: "route is notallowed C:\\git\\api_boy\\src\\polyfills.js.map.js BEFORE"
[WARNING 2020-01-12 20:34:27.876]: "route is notallowed C:\\git\\api_boy\\src\\polyfills.js.map.js AFTER"
[WARNING 2020-01-12 20:34:27.877]: "file extension not allowed"
[WARNING 2020-01-12 20:34:27.877]: "route is notallowed C:\\git\\api_boy\\src\\styles.js.map.js GET"
[WARNING 2020-01-12 20:34:27.877]: "route is notallowed C:\\git\\api_boy\\src\\styles.js.map.js BEFORE"
[WARNING 2020-01-12 20:34:27.877]: "route is notallowed C:\\git\\api_boy\\src\\styles.js.map.js AFTER"
[WARNING 2020-01-12 20:34:27.878]: "file extension not allowed"
[WARNING 2020-01-12 20:34:27.878]: "route is notallowed C:\\git\\api_boy\\src\\scripts.js.map.js GET"
[WARNING 2020-01-12 20:34:27.878]: "route is notallowed C:\\git\\api_boy\\src\\scripts.js.map.js BEFORE"
[WARNING 2020-01-12 20:34:27.878]: "route is notallowed C:\\git\\api_boy\\src\\scripts.js.map.js AFTER"
[WARNING 2020-01-12 20:34:27.879]: "file extension not allowed"
[WARNING 2020-01-12 20:34:27.879]: "route is notallowed C:\\git\\api_boy\\src\\vendor.js.map.js GET"
[WARNING 2020-01-12 20:34:27.879]: "route is notallowed C:\\git\\api_boy\\src\\vendor.js.map.js BEFORE"
[WARNING 2020-01-12 20:34:27.879]: "route is notallowed C:\\git\\api_boy\\src\\vendor.js.map.js AFTER"
[WARNING 2020-01-12 20:34:27.880]: "file extension not allowed"
[WARNING 2020-01-12 20:34:27.880]: "route is notallowed C:\\git\\api_boy\\src\\main.js.map.js GET"
[WARNING 2020-01-12 20:34:27.880]: "route is notallowed C:\\git\\api_boy\\src\\main.js.map.js BEFORE"
[WARNING 2020-01-12 20:34:27.880]: "route is notallowed C:\\git\\api_boy\\src\\main.js.map.js AFTER"
[WARNING 2020-01-12 20:45:17.501]: "file extension not allowed"
[WARNING 2020-01-12 20:45:17.501]: "route is notallowed C:\\git\\api_boy\\src\\runtime.js.map.js GET"
[WARNING 2020-01-12 20:45:17.501]: "route is notallowed C:\\git\\api_boy\\src\\runtime.js.map.js BEFORE"
[WARNING 2020-01-12 20:45:17.501]: "route is notallowed C:\\git\\api_boy\\src\\runtime.js.map.js AFTER"
[WARNING 2020-01-12 20:45:17.502]: "file extension not allowed"
[WARNING 2020-01-12 20:45:17.502]: "route is notallowed C:\\git\\api_boy\\src\\polyfills.js.map.js GET"
[WARNING 2020-01-12 20:45:17.502]: "route is notallowed C:\\git\\api_boy\\src\\polyfills.js.map.js BEFORE"
[WARNING 2020-01-12 20:45:17.502]: "route is notallowed C:\\git\\api_boy\\src\\polyfills.js.map.js AFTER"
[WARNING 2020-01-12 20:45:17.502]: "file extension not allowed"
[WARNING 2020-01-12 20:45:17.502]: "route is notallowed C:\\git\\api_boy\\src\\styles.js.map.js GET"
[WARNING 2020-01-12 20:45:17.502]: "route is notallowed C:\\git\\api_boy\\src\\styles.js.map.js BEFORE"
[WARNING 2020-01-12 20:45:17.502]: "route is notallowed C:\\git\\api_boy\\src\\styles.js.map.js AFTER"
[WARNING 2020-01-12 20:45:17.503]: "file extension not allowed"
[WARNING 2020-01-12 20:45:17.503]: "route is notallowed C:\\git\\api_boy\\src\\scripts.js.map.js GET"
[WARNING 2020-01-12 20:45:17.503]: "route is notallowed C:\\git\\api_boy\\src\\scripts.js.map.js BEFORE"
[WARNING 2020-01-12 20:45:17.503]: "route is notallowed C:\\git\\api_boy\\src\\scripts.js.map.js AFTER"
[WARNING 2020-01-12 20:45:17.504]: "file extension not allowed"
[WARNING 2020-01-12 20:45:17.504]: "route is notallowed C:\\git\\api_boy\\src\\vendor.js.map.js GET"
[WARNING 2020-01-12 20:45:17.504]: "route is notallowed C:\\git\\api_boy\\src\\vendor.js.map.js BEFORE"
[WARNING 2020-01-12 20:45:17.505]: "route is notallowed C:\\git\\api_boy\\src\\vendor.js.map.js AFTER"
[WARNING 2020-01-12 20:45:17.505]: "file extension not allowed"
[WARNING 2020-01-12 20:45:17.505]: "route is notallowed C:\\git\\api_boy\\src\\main.js.map.js GET"
[WARNING 2020-01-12 20:45:17.505]: "route is notallowed C:\\git\\api_boy\\src\\main.js.map.js BEFORE"
[WARNING 2020-01-12 20:45:17.505]: "route is notallowed C:\\git\\api_boy\\src\\main.js.map.js AFTER"
[WARNING 2020-01-12 20:45:33.735]: "file extension not allowed"
[WARNING 2020-01-12 20:45:33.735]: "route is notallowed C:\\git\\api_boy\\src\\runtime.js.map.js GET"
[WARNING 2020-01-12 20:45:33.735]: "route is notallowed C:\\git\\api_boy\\src\\runtime.js.map.js BEFORE"
[WARNING 2020-01-12 20:45:33.735]: "route is notallowed C:\\git\\api_boy\\src\\runtime.js.map.js AFTER"
[WARNING 2020-01-12 20:45:33.772]: "file extension not allowed"
[WARNING 2020-01-12 20:45:33.772]: "route is notallowed C:\\git\\api_boy\\src\\polyfills.js.map.js GET"
[WARNING 2020-01-12 20:45:33.772]: "route is notallowed C:\\git\\api_boy\\src\\polyfills.js.map.js BEFORE"
[WARNING 2020-01-12 20:45:33.772]: "route is notallowed C:\\git\\api_boy\\src\\polyfills.js.map.js AFTER"
[WARNING 2020-01-12 20:45:33.812]: "file extension not allowed"
[WARNING 2020-01-12 20:45:33.812]: "route is notallowed C:\\git\\api_boy\\src\\styles.js.map.js GET"
[WARNING 2020-01-12 20:45:33.812]: "route is notallowed C:\\git\\api_boy\\src\\styles.js.map.js BEFORE"
[WARNING 2020-01-12 20:45:33.812]: "route is notallowed C:\\git\\api_boy\\src\\styles.js.map.js AFTER"
[WARNING 2020-01-12 20:45:33.870]: "file extension not allowed"
[WARNING 2020-01-12 20:45:33.870]: "route is notallowed C:\\git\\api_boy\\src\\scripts.js.map.js GET"
[WARNING 2020-01-12 20:45:33.870]: "route is notallowed C:\\git\\api_boy\\src\\scripts.js.map.js BEFORE"
[WARNING 2020-01-12 20:45:33.870]: "route is notallowed C:\\git\\api_boy\\src\\scripts.js.map.js AFTER"
[WARNING 2020-01-12 20:45:34.519]: "file extension not allowed"
[WARNING 2020-01-12 20:45:34.519]: "route is notallowed C:\\git\\api_boy\\src\\vendor.js.map.js GET"
[WARNING 2020-01-12 20:45:34.519]: "route is notallowed C:\\git\\api_boy\\src\\vendor.js.map.js BEFORE"
[WARNING 2020-01-12 20:45:34.519]: "route is notallowed C:\\git\\api_boy\\src\\vendor.js.map.js AFTER"
[WARNING 2020-01-12 20:45:34.520]: "file extension not allowed"
[WARNING 2020-01-12 20:45:34.520]: "route is notallowed C:\\git\\api_boy\\src\\main.js.map.js GET"
[WARNING 2020-01-12 20:45:34.520]: "route is notallowed C:\\git\\api_boy\\src\\main.js.map.js BEFORE"
[WARNING 2020-01-12 20:45:34.520]: "route is notallowed C:\\git\\api_boy\\src\\main.js.map.js AFTER"
[WARNING 2020-01-12 20:46:03.110]: "file extension not allowed"
[WARNING 2020-01-12 20:46:03.110]: "route is notallowed C:\\git\\api_boy\\src\\home.js GET"
[WARNING 2020-01-12 20:46:03.110]: "route is notallowed C:\\git\\api_boy\\src\\home.js BEFORE"
[WARNING 2020-01-12 20:46:03.110]: "route is notallowed C:\\git\\api_boy\\src\\home.js AFTER"
[WARNING 2020-01-12 20:46:03.276]: "file extension not allowed"
[WARNING 2020-01-12 20:46:03.276]: "route is notallowed C:\\git\\api_boy\\src\\runtime.js.map.js GET"
[WARNING 2020-01-12 20:46:03.276]: "route is notallowed C:\\git\\api_boy\\src\\runtime.js.map.js BEFORE"
[WARNING 2020-01-12 20:46:03.276]: "route is notallowed C:\\git\\api_boy\\src\\runtime.js.map.js AFTER"
[WARNING 2020-01-12 20:46:03.315]: "file extension not allowed"
[WARNING 2020-01-12 20:46:03.315]: "route is notallowed C:\\git\\api_boy\\src\\polyfills.js.map.js GET"
[WARNING 2020-01-12 20:46:03.315]: "route is notallowed C:\\git\\api_boy\\src\\polyfills.js.map.js BEFORE"
[WARNING 2020-01-12 20:46:03.315]: "route is notallowed C:\\git\\api_boy\\src\\polyfills.js.map.js AFTER"
[WARNING 2020-01-12 20:46:03.356]: "file extension not allowed"
[WARNING 2020-01-12 20:46:03.356]: "route is notallowed C:\\git\\api_boy\\src\\styles.js.map.js GET"
[WARNING 2020-01-12 20:46:03.356]: "route is notallowed C:\\git\\api_boy\\src\\styles.js.map.js BEFORE"
[WARNING 2020-01-12 20:46:03.356]: "route is notallowed C:\\git\\api_boy\\src\\styles.js.map.js AFTER"
[WARNING 2020-01-12 20:46:03.411]: "file extension not allowed"
[WARNING 2020-01-12 20:46:03.411]: "route is notallowed C:\\git\\api_boy\\src\\scripts.js.map.js GET"
[WARNING 2020-01-12 20:46:03.411]: "route is notallowed C:\\git\\api_boy\\src\\scripts.js.map.js BEFORE"
[WARNING 2020-01-12 20:46:03.411]: "route is notallowed C:\\git\\api_boy\\src\\scripts.js.map.js AFTER"
[WARNING 2020-01-12 20:46:04.118]: "file extension not allowed"
[WARNING 2020-01-12 20:46:04.118]: "route is notallowed C:\\git\\api_boy\\src\\vendor.js.map.js GET"
[WARNING 2020-01-12 20:46:04.118]: "route is notallowed C:\\git\\api_boy\\src\\vendor.js.map.js BEFORE"
[WARNING 2020-01-12 20:46:04.118]: "route is notallowed C:\\git\\api_boy\\src\\vendor.js.map.js AFTER"
[WARNING 2020-01-12 20:46:04.119]: "file extension not allowed"
[WARNING 2020-01-12 20:46:04.119]: "route is notallowed C:\\git\\api_boy\\src\\main.js.map.js GET"
[WARNING 2020-01-12 20:46:04.119]: "route is notallowed C:\\git\\api_boy\\src\\main.js.map.js BEFORE"
[WARNING 2020-01-12 20:46:04.119]: "route is notallowed C:\\git\\api_boy\\src\\main.js.map.js AFTER"
[WARNING 2020-01-12 20:48:48.086]: "file extension not allowed"
[WARNING 2020-01-12 20:48:48.086]: "route is notallowed C:\\git\\api_boy\\src\\home.js GET"
[WARNING 2020-01-12 20:48:48.086]: "route is notallowed C:\\git\\api_boy\\src\\home.js BEFORE"
[WARNING 2020-01-12 20:48:48.086]: "route is notallowed C:\\git\\api_boy\\src\\home.js AFTER"
[WARNING 2020-01-12 20:48:48.255]: "file extension not allowed"
[WARNING 2020-01-12 20:48:48.255]: "route is notallowed C:\\git\\api_boy\\src\\runtime.js.map.js GET"
[WARNING 2020-01-12 20:48:48.255]: "route is notallowed C:\\git\\api_boy\\src\\runtime.js.map.js BEFORE"
[WARNING 2020-01-12 20:48:48.255]: "route is notallowed C:\\git\\api_boy\\src\\runtime.js.map.js AFTER"
[WARNING 2020-01-12 20:48:48.292]: "file extension not allowed"
[WARNING 2020-01-12 20:48:48.292]: "route is notallowed C:\\git\\api_boy\\src\\polyfills.js.map.js GET"
[WARNING 2020-01-12 20:48:48.292]: "route is notallowed C:\\git\\api_boy\\src\\polyfills.js.map.js BEFORE"
[WARNING 2020-01-12 20:48:48.292]: "route is notallowed C:\\git\\api_boy\\src\\polyfills.js.map.js AFTER"
[WARNING 2020-01-12 20:48:48.340]: "file extension not allowed"
[WARNING 2020-01-12 20:48:48.340]: "route is notallowed C:\\git\\api_boy\\src\\styles.js.map.js GET"
[WARNING 2020-01-12 20:48:48.340]: "route is notallowed C:\\git\\api_boy\\src\\styles.js.map.js BEFORE"
[WARNING 2020-01-12 20:48:48.340]: "route is notallowed C:\\git\\api_boy\\src\\styles.js.map.js AFTER"
[WARNING 2020-01-12 20:48:48.385]: "file extension not allowed"
[WARNING 2020-01-12 20:48:48.385]: "route is notallowed C:\\git\\api_boy\\src\\scripts.js.map.js GET"
[WARNING 2020-01-12 20:48:48.385]: "route is notallowed C:\\git\\api_boy\\src\\scripts.js.map.js BEFORE"
[WARNING 2020-01-12 20:48:48.385]: "route is notallowed C:\\git\\api_boy\\src\\scripts.js.map.js AFTER"
[WARNING 2020-01-12 20:48:49.059]: "file extension not allowed"
[WARNING 2020-01-12 20:48:49.059]: "route is notallowed C:\\git\\api_boy\\src\\vendor.js.map.js GET"
[WARNING 2020-01-12 20:48:49.059]: "route is notallowed C:\\git\\api_boy\\src\\vendor.js.map.js BEFORE"
[WARNING 2020-01-12 20:48:49.059]: "route is notallowed C:\\git\\api_boy\\src\\vendor.js.map.js AFTER"
[WARNING 2020-01-12 20:48:49.060]: "file extension not allowed"
[WARNING 2020-01-12 20:48:49.060]: "route is notallowed C:\\git\\api_boy\\src\\main.js.map.js GET"
[WARNING 2020-01-12 20:48:49.060]: "route is notallowed C:\\git\\api_boy\\src\\main.js.map.js BEFORE"
[WARNING 2020-01-12 20:48:49.060]: "route is notallowed C:\\git\\api_boy\\src\\main.js.map.js AFTER"
[WARNING 2020-01-12 20:52:19.455]: "file extension not allowed"
[WARNING 2020-01-12 20:52:19.455]: "route is notallowed C:\\git\\api_boy\\src\\home.js GET"
[WARNING 2020-01-12 20:52:19.455]: "route is notallowed C:\\git\\api_boy\\src\\home.js BEFORE"
[WARNING 2020-01-12 20:52:19.455]: "route is notallowed C:\\git\\api_boy\\src\\home.js AFTER"
[WARNING 2020-01-12 20:52:19.595]: "file extension not allowed"
[WARNING 2020-01-12 20:52:19.596]: "route is notallowed C:\\git\\api_boy\\src\\runtime.js.map.js GET"
[WARNING 2020-01-12 20:52:19.596]: "route is notallowed C:\\git\\api_boy\\src\\runtime.js.map.js BEFORE"
[WARNING 2020-01-12 20:52:19.596]: "route is notallowed C:\\git\\api_boy\\src\\runtime.js.map.js AFTER"
[WARNING 2020-01-12 20:52:19.633]: "file extension not allowed"
[WARNING 2020-01-12 20:52:19.633]: "route is notallowed C:\\git\\api_boy\\src\\polyfills.js.map.js GET"
[WARNING 2020-01-12 20:52:19.633]: "route is notallowed C:\\git\\api_boy\\src\\polyfills.js.map.js BEFORE"
[WARNING 2020-01-12 20:52:19.633]: "route is notallowed C:\\git\\api_boy\\src\\polyfills.js.map.js AFTER"
[WARNING 2020-01-12 20:52:19.668]: "file extension not allowed"
[WARNING 2020-01-12 20:52:19.668]: "route is notallowed C:\\git\\api_boy\\src\\styles.js.map.js GET"
[WARNING 2020-01-12 20:52:19.668]: "route is notallowed C:\\git\\api_boy\\src\\styles.js.map.js BEFORE"
[WARNING 2020-01-12 20:52:19.668]: "route is notallowed C:\\git\\api_boy\\src\\styles.js.map.js AFTER"
[WARNING 2020-01-12 20:52:19.704]: "file extension not allowed"
[WARNING 2020-01-12 20:52:19.704]: "route is notallowed C:\\git\\api_boy\\src\\scripts.js.map.js GET"
[WARNING 2020-01-12 20:52:19.704]: "route is notallowed C:\\git\\api_boy\\src\\scripts.js.map.js BEFORE"
[WARNING 2020-01-12 20:52:19.704]: "route is notallowed C:\\git\\api_boy\\src\\scripts.js.map.js AFTER"
[WARNING 2020-01-12 20:52:20.444]: "file extension not allowed"
[WARNING 2020-01-12 20:52:20.444]: "route is notallowed C:\\git\\api_boy\\src\\vendor.js.map.js GET"
[WARNING 2020-01-12 20:52:20.444]: "route is notallowed C:\\git\\api_boy\\src\\vendor.js.map.js BEFORE"
[WARNING 2020-01-12 20:52:20.444]: "route is notallowed C:\\git\\api_boy\\src\\vendor.js.map.js AFTER"
[WARNING 2020-01-12 20:52:20.445]: "file extension not allowed"
[WARNING 2020-01-12 20:52:20.446]: "route is notallowed C:\\git\\api_boy\\src\\main.js.map.js GET"
[WARNING 2020-01-12 20:52:20.446]: "route is notallowed C:\\git\\api_boy\\src\\main.js.map.js BEFORE"
[WARNING 2020-01-12 20:52:20.446]: "route is notallowed C:\\git\\api_boy\\src\\main.js.map.js AFTER"
[WARNING 2020-01-12 20:58:12.806]: "file extension not allowed"
[WARNING 2020-01-12 20:58:12.806]: "route is notallowed C:\\git\\api_boy\\src\\home.js GET"
[WARNING 2020-01-12 20:58:12.806]: "route is notallowed C:\\git\\api_boy\\src\\home.js BEFORE"
[WARNING 2020-01-12 20:58:12.806]: "route is notallowed C:\\git\\api_boy\\src\\home.js AFTER"
[WARNING 2020-01-12 20:58:12.963]: "file extension not allowed"
[WARNING 2020-01-12 20:58:12.963]: "route is notallowed C:\\git\\api_boy\\src\\runtime.js.map.js GET"
[WARNING 2020-01-12 20:58:12.963]: "route is notallowed C:\\git\\api_boy\\src\\runtime.js.map.js BEFORE"
[WARNING 2020-01-12 20:58:12.963]: "route is notallowed C:\\git\\api_boy\\src\\runtime.js.map.js AFTER"
[WARNING 2020-01-12 20:58:12.998]: "file extension not allowed"
[WARNING 2020-01-12 20:58:12.998]: "route is notallowed C:\\git\\api_boy\\src\\polyfills.js.map.js GET"
[WARNING 2020-01-12 20:58:12.998]: "route is notallowed C:\\git\\api_boy\\src\\polyfills.js.map.js BEFORE"
[WARNING 2020-01-12 20:58:12.998]: "route is notallowed C:\\git\\api_boy\\src\\polyfills.js.map.js AFTER"
[WARNING 2020-01-12 20:58:13.034]: "file extension not allowed"
[WARNING 2020-01-12 20:58:13.034]: "route is notallowed C:\\git\\api_boy\\src\\styles.js.map.js GET"
[WARNING 2020-01-12 20:58:13.034]: "route is notallowed C:\\git\\api_boy\\src\\styles.js.map.js BEFORE"
[WARNING 2020-01-12 20:58:13.034]: "route is notallowed C:\\git\\api_boy\\src\\styles.js.map.js AFTER"
[WARNING 2020-01-12 20:58:13.121]: "file extension not allowed"
[WARNING 2020-01-12 20:58:13.121]: "route is notallowed C:\\git\\api_boy\\src\\scripts.js.map.js GET"
[WARNING 2020-01-12 20:58:13.121]: "route is notallowed C:\\git\\api_boy\\src\\scripts.js.map.js BEFORE"
[WARNING 2020-01-12 20:58:13.121]: "route is notallowed C:\\git\\api_boy\\src\\scripts.js.map.js AFTER"
[WARNING 2020-01-12 20:58:13.815]: "file extension not allowed"
[WARNING 2020-01-12 20:58:13.815]: "route is notallowed C:\\git\\api_boy\\src\\vendor.js.map.js GET"
[WARNING 2020-01-12 20:58:13.815]: "route is notallowed C:\\git\\api_boy\\src\\vendor.js.map.js BEFORE"
[WARNING 2020-01-12 20:58:13.815]: "route is notallowed C:\\git\\api_boy\\src\\vendor.js.map.js AFTER"
[WARNING 2020-01-12 20:58:13.817]: "file extension not allowed"
[WARNING 2020-01-12 20:58:13.817]: "route is notallowed C:\\git\\api_boy\\src\\main.js.map.js GET"
[WARNING 2020-01-12 20:58:13.817]: "route is notallowed C:\\git\\api_boy\\src\\main.js.map.js BEFORE"
[WARNING 2020-01-12 20:58:13.817]: "route is notallowed C:\\git\\api_boy\\src\\main.js.map.js AFTER"
[WARNING 2020-01-12 21:00:02.230]: "file extension not allowed"
[WARNING 2020-01-12 21:00:02.231]: "route is notallowed C:\\git\\api_boy\\src\\home.js GET"
[WARNING 2020-01-12 21:00:02.231]: "route is notallowed C:\\git\\api_boy\\src\\home.js BEFORE"
[WARNING 2020-01-12 21:00:02.231]: "route is notallowed C:\\git\\api_boy\\src\\home.js AFTER"
[WARNING 2020-01-12 21:00:02.372]: "file extension not allowed"
[WARNING 2020-01-12 21:00:02.372]: "route is notallowed C:\\git\\api_boy\\src\\runtime.js.map.js GET"
[WARNING 2020-01-12 21:00:02.372]: "route is notallowed C:\\git\\api_boy\\src\\runtime.js.map.js BEFORE"
[WARNING 2020-01-12 21:00:02.372]: "route is notallowed C:\\git\\api_boy\\src\\runtime.js.map.js AFTER"
[WARNING 2020-01-12 21:00:02.407]: "file extension not allowed"
[WARNING 2020-01-12 21:00:02.407]: "route is notallowed C:\\git\\api_boy\\src\\polyfills.js.map.js GET"
[WARNING 2020-01-12 21:00:02.407]: "route is notallowed C:\\git\\api_boy\\src\\polyfills.js.map.js BEFORE"
[WARNING 2020-01-12 21:00:02.407]: "route is notallowed C:\\git\\api_boy\\src\\polyfills.js.map.js AFTER"
[WARNING 2020-01-12 21:00:02.443]: "file extension not allowed"
[WARNING 2020-01-12 21:00:02.443]: "route is notallowed C:\\git\\api_boy\\src\\styles.js.map.js GET"
[WARNING 2020-01-12 21:00:02.443]: "route is notallowed C:\\git\\api_boy\\src\\styles.js.map.js BEFORE"
[WARNING 2020-01-12 21:00:02.443]: "route is notallowed C:\\git\\api_boy\\src\\styles.js.map.js AFTER"
[WARNING 2020-01-12 21:00:02.488]: "file extension not allowed"
[WARNING 2020-01-12 21:00:02.488]: "route is notallowed C:\\git\\api_boy\\src\\scripts.js.map.js GET"
[WARNING 2020-01-12 21:00:02.488]: "route is notallowed C:\\git\\api_boy\\src\\scripts.js.map.js BEFORE"
[WARNING 2020-01-12 21:00:02.488]: "route is notallowed C:\\git\\api_boy\\src\\scripts.js.map.js AFTER"
[WARNING 2020-01-12 21:00:03.201]: "file extension not allowed"
[WARNING 2020-01-12 21:00:03.201]: "route is notallowed C:\\git\\api_boy\\src\\vendor.js.map.js GET"
[WARNING 2020-01-12 21:00:03.201]: "route is notallowed C:\\git\\api_boy\\src\\vendor.js.map.js BEFORE"
[WARNING 2020-01-12 21:00:03.201]: "route is notallowed C:\\git\\api_boy\\src\\vendor.js.map.js AFTER"
[WARNING 2020-01-12 21:00:03.202]: "file extension not allowed"
[WARNING 2020-01-12 21:00:03.202]: "route is notallowed C:\\git\\api_boy\\src\\main.js.map.js GET"
[WARNING 2020-01-12 21:00:03.202]: "route is notallowed C:\\git\\api_boy\\src\\main.js.map.js BEFORE"
[WARNING 2020-01-12 21:00:03.202]: "route is notallowed C:\\git\\api_boy\\src\\main.js.map.js AFTER"
[WARNING 2020-01-12 21:00:23.964]: "file extension not allowed"
[WARNING 2020-01-12 21:00:23.964]: "route is notallowed C:\\git\\api_boy\\src\\models.js GET"
[WARNING 2020-01-12 21:00:23.964]: "route is notallowed C:\\git\\api_boy\\src\\models.js BEFORE"
[WARNING 2020-01-12 21:00:23.965]: "route is notallowed C:\\git\\api_boy\\src\\models.js AFTER"
[WARNING 2020-01-12 21:00:24.113]: "file extension not allowed"
[WARNING 2020-01-12 21:00:24.113]: "route is notallowed C:\\git\\api_boy\\src\\runtime.js.map.js GET"
[WARNING 2020-01-12 21:00:24.113]: "route is notallowed C:\\git\\api_boy\\src\\runtime.js.map.js BEFORE"
[WARNING 2020-01-12 21:00:24.113]: "route is notallowed C:\\git\\api_boy\\src\\runtime.js.map.js AFTER"
[WARNING 2020-01-12 21:00:24.147]: "file extension not allowed"
[WARNING 2020-01-12 21:00:24.147]: "route is notallowed C:\\git\\api_boy\\src\\polyfills.js.map.js GET"
[WARNING 2020-01-12 21:00:24.147]: "route is notallowed C:\\git\\api_boy\\src\\polyfills.js.map.js BEFORE"
[WARNING 2020-01-12 21:00:24.147]: "route is notallowed C:\\git\\api_boy\\src\\polyfills.js.map.js AFTER"
[WARNING 2020-01-12 21:00:24.183]: "file extension not allowed"
[WARNING 2020-01-12 21:00:24.183]: "route is notallowed C:\\git\\api_boy\\src\\styles.js.map.js GET"
[WARNING 2020-01-12 21:00:24.183]: "route is notallowed C:\\git\\api_boy\\src\\styles.js.map.js BEFORE"
[WARNING 2020-01-12 21:00:24.183]: "route is notallowed C:\\git\\api_boy\\src\\styles.js.map.js AFTER"
[WARNING 2020-01-12 21:00:24.228]: "file extension not allowed"
[WARNING 2020-01-12 21:00:24.228]: "route is notallowed C:\\git\\api_boy\\src\\scripts.js.map.js GET"
[WARNING 2020-01-12 21:00:24.228]: "route is notallowed C:\\git\\api_boy\\src\\scripts.js.map.js BEFORE"
[WARNING 2020-01-12 21:00:24.228]: "route is notallowed C:\\git\\api_boy\\src\\scripts.js.map.js AFTER"
[WARNING 2020-01-12 21:00:24.361]: "file extension not allowed"
[WARNING 2020-01-12 21:00:24.361]: "route is notallowed C:\\git\\api_boy\\src\\vendor.js.map.js GET"
[WARNING 2020-01-12 21:00:24.361]: "route is notallowed C:\\git\\api_boy\\src\\vendor.js.map.js BEFORE"
[WARNING 2020-01-12 21:00:24.362]: "route is notallowed C:\\git\\api_boy\\src\\vendor.js.map.js AFTER"
[WARNING 2020-01-12 21:00:24.907]: "file extension not allowed"
[WARNING 2020-01-12 21:00:24.907]: "route is notallowed C:\\git\\api_boy\\src\\main.js.map.js GET"
[WARNING 2020-01-12 21:00:24.907]: "route is notallowed C:\\git\\api_boy\\src\\main.js.map.js BEFORE"
[WARNING 2020-01-12 21:00:24.907]: "route is notallowed C:\\git\\api_boy\\src\\main.js.map.js AFTER"
